make all --print-data-base --no-builtin-variables --no-builtin-rules --question
makefile:17: *** missing separator.  Stop.

# GNU Make 4.2.1
# Built for x86_64-pc-linux-gnu
# Copyright (C) 1988-2016 Free Software Foundation, Inc.
# License GPLv3+: GNU GPL version 3 or later <http://gnu.org/licenses/gpl.html>
# This is free software: you are free to change and redistribute it.
# There is NO WARRANTY, to the extent permitted by law.

# Make data base, printed on Fri Aug 19 16:32:13 2022

# Variables

# automatic
<D = $(patsubst %/,%,$(dir $<))
# automatic
?F = $(notdir $?)
# environment
WSLENV = VSCODE_WSL_EXT_LOCATION/up
# default
.SHELLFLAGS := -c
# automatic
?D = $(patsubst %/,%,$(dir $?))
# automatic
@D = $(patsubst %/,%,$(dir $@))
# automatic
@F = $(notdir $@)
# makefile
CURDIR := /mnt/c/Users/Zak/Code/projects/bloopyboii
# makefile
SHELL = /bin/sh
# environment
VSCODE_NLS_CONFIG = {"locale":"en","availableLanguages":{}}
# environment
_ = /usr/bin/sh
# makefile (from 'makefile', line 1)
MAKEFILE_LIST :=  makefile
# environment
GNUMAKEFLAGS := 
# environment
VSCODE_AMD_ENTRYPOINT = vs/workbench/api/node/extensionHostProcess
# environment
VSCODE_CWD = /mnt/c/Users/Zak/AppData/Local/Programs/Microsoft VS Code
# environment
GOPROXY = https://proxy.golang.org,direct
# default
MAKE_HOST := x86_64-pc-linux-gnu
# environment
PATH = /home/h3mmy/.vscode-server/bin/e4503b30fc78200f846c62cf8091b76ff5547662/bin/remote-cli:/usr/local/sbin:/usr/local/bin:/usr/sbin:/usr/bin:/sbin:/bin:/usr/games:/usr/local/games:/usr/lib/wsl/lib:/mnt/c/Users/Zak/scoop/apps/gpg/current/bin:/mnt/c/Program Files (x86)/Common Files/Oracle/Java/javapath:/mnt/c/Users/Zak/scoop/shims:/mnt/c/Program Files/AdoptOpenJDK/jdk-11.0.8.10-hotspot/bin:/mnt/c/Program Files (x86)/Intel/iCLS Client/:/mnt/c/Program Files/Intel/iCLS Client/:/mnt/c/Windows/System32:/mnt/c/Windows:/mnt/c/Windows/System32/wbem:/mnt/c/Windows/System32/WindowsPowerShell/v1.0/:/mnt/c/Program Files (x86)/Intel/Intel(R) Management Engine Components/DAL:/mnt/c/Program Files/Intel/Intel(R) Management Engine Components/DAL:/mnt/c/Program Files (x86)/Intel/Intel(R) Management Engine Components/IPT:/mnt/c/Program Files/Intel/Intel(R) Management Engine Components/IPT:/mnt/c/Program Files (x86)/NVIDIA Corporation/PhysX/Common:/mnt/c/Windows/System32/OpenSSH/:/mnt/c/Program Files/PuTTY/:/mnt/c/Users/Zak/AppData/Roaming/Python/Python36/Scripts/:/mnt/c/Program Files (x86)/Calibre2/:/mnt/c/WINDOWS/system32:/mnt/c/WINDOWS:/mnt/c/WINDOWS/System32/Wbem:/mnt/c/WINDOWS/System32/WindowsPowerShell/v1.0/:/mnt/c/WINDOWS/System32/OpenSSH/:/mnt/c/cygwin64/bin:/mnt/c/ProgramData/chocolatey/bin:/mnt/c/Program Files/dotnet/:/mnt/c/Program Files/Git/cmd:/mnt/c/Program Files/Docker/Docker/resources/bin:/mnt/c/ProgramData/DockerDesktop/version-bin:/mnt/c/Users/Zak/scoop/apps/gpg4win/4.0.0/GnuPG/bin:/mnt/c/Users/Zak/scoop/apps/python/current/Scripts:/mnt/c/Users/Zak/scoop/apps/python/current:/mnt/c/Users/Zak/scoop/apps/openjdk/current/bin:/mnt/c/Users/Zak/scoop/apps/gpg4win/current/GnuPG/bin:/mnt/c/Users/Zak/scoop/apps/gpg4win/current/Gpg4win/bin:/mnt/c/Users/Zak/go/bin:/mnt/c/Users/Zak/scoop/apps/nodejs/current/bin:/mnt/c/Users/Zak/scoop/apps/nodejs/current:/mnt/c/Users/Zak/scoop/apps/gpg/current/bin:/mnt/c/Users/Zak/scoop/apps/nvm/current/nodejs/nodejs:/mnt/c/Users/Zak/AppData/Local/Programs/Python/Python310/Scripts/:/mnt/c/Users/Zak/AppData/Local/Programs/Python/Python310/:/mnt/c/Users/Zak/AppData/Roaming/local/bin:/mnt/c/Users/Zak/bin:/mnt/c/Users/Zak/scoop/shims:/mnt/c/Users/Zak/bin:/mnt/c/Users/Zak/AppData/Local/Programs/Python/Python36-32/Scripts/:/mnt/c/Users/Zak/AppData/Local/Programs/Python/Python36-32/:/mnt/c/Users/Zak/AppData/Local/Microsoft/WindowsApps:/mnt/c/Users/Zak/AppData/Local/Google/Cloud SDK/google-cloud-sdk/bin:/mnt/c/Users/Zak/AppData/Local/Microsoft/WindowsApps:/mnt/c/Users/Zak/AppData/Local/Programs/Microsoft VS Code/bin:/mnt/c/Users/Zak/AppData/Roaming/cabal/bin:/mnt/c/ProgramData/chocolatey/lib/ghc/tools/ghc-8.
# environment
GOPATH = /home/h3mmy/go
# makefile (from 'makefile', line 3)
PKG_LIST := gitlab.com/h3mmy/bloopyboi gitlab.com/h3mmy/bloopyboi/bot/commands gitlab.com/h3mmy/bloopyboi/bot/internal/config gitlab.com/h3mmy/bloopyboi/bot/internal/log gitlab.com/h3mmy/bloopyboi/bot/providers gitlab.com/h3mmy/bloopyboi/bot/util
# environment
ELECTRON_RUN_AS_NODE = 1
# environment
VSCODE_IPC_HOOK_CLI = /tmp/vscode-ipc-0bd38986-1f06-44f6-a15c-181b0a5066d5.sock
# default
.FEATURES := target-specific order-only second-expansion else-if shortest-stem undefine oneshell archives jobserver output-sync check-symlink load
# automatic
%F = $(notdir $%)
# environment
PWD = /mnt/c/Users/Zak/Code/projects/bloopyboii
# default
.LOADED := 
# makefile (from 'makefile', line 2)
PKG := "gitlab.com/h3mmy/"bloopyboi""
# environment
WSL_INTEROP = /run/WSL/30_interop
# environment
GOMODCACHE = /home/h3mmy/go/pkg/mod
# environment
HOME = /home/h3mmy
# environment
LOGNAME = h3mmy
# environment
APPLICATION_INSIGHTS_NO_DIAGNOSTIC_CHANNEL = true
# environment
VSCODE_HANDLES_UNCAUGHT_ERRORS = true
# automatic
^D = $(patsubst %/,%,$(dir $^))
# environment
MAKELEVEL := 0
# default
MAKE = $(MAKE_COMMAND)
# default
MAKECMDGOALS := all
# environment
SHLVL = 0
# default
MAKE_VERSION := 4.2.1
# environment
USER = h3mmy
# makefile
.DEFAULT_GOAL := all
# environment
NAME = Nitro-5
# automatic
%D = $(patsubst %/,%,$(dir $%))
# environment
VSCODE_WSL_EXT_LOCATION = /mnt/c/Users/Zak/.vscode/extensions/ms-vscode-remote.remote-wsl-0.66.3
# default
MAKE_COMMAND := make
# default
.VARIABLES := 
# automatic
*F = $(notdir $*)
# makefile
MAKEFLAGS = pqrR
# environment
MFLAGS = -pqrR
# automatic
*D = $(patsubst %/,%,$(dir $*))
# automatic
+D = $(patsubst %/,%,$(dir $+))
# automatic
+F = $(notdir $+)
# environment
VSCODE_HANDLES_SIGPIPE = true
# 'override' directive
.SHELLSTATUS := 0
# default
MAKEFILES := 
# automatic
<F = $(notdir $<)
# makefile (from 'makefile', line 1)
PROJECT_NAME := "bloopyboi"
# environment
LC_ALL = C
# environment
HOSTTYPE = x86_64
# automatic
^F = $(notdir $^)
# default
SUFFIXES := 
# default
.INCLUDE_DIRS = /usr/include /usr/local/include /usr/include
# makefile (from 'makefile', line 4)
GO_FILES := ./bot/commands/direct_messages.go ./bot/commands/slash_commands.go ./bot/internal/config/config.go ./bot/internal/log/log.go ./bot/providers/config.go ./bot/providers/log.go ./bot/util/httpClient.go ./bot/util/inspiroClient.go ./main.go
# default
.RECIPEPREFIX := 
# environment
LANG = C
# environment
TERM = xterm-256color
# environment
WSL_DISTRO_NAME = Ubuntu
# variable set hash-table stats:
# Load=67/1024=7%, Rehash=0, Collisions=5/91=5%

# Pattern-specific Variable Values

# No pattern-specific variable values.

# Directories

# . (device 47, inode 75153818781783925): 25 files, no impossibilities.

# 25 files, no impossibilities in 1 directories.

# Implicit Rules

# No implicit rules.

# Files

all: build
#  Command line target.
#  Implicit rule search has not been done.
#  Modification time never checked.
#  File has not been updated.

.PHONY: all dep build clean test coverage coverhtml fmt lint
#  Implicit rule search has not been done.
#  Modification time never checked.
#  File has not been updated.

# Not a target:
coverhtml:
#  Implicit rule search has not been done.
#  Modification time never checked.
#  File has not been updated.

test:
#  Implicit rule search has not been done.
#  Modification time never checked.
#  File has not been updated.

# Not a target:
dep:
#  Implicit rule search has not been done.
#  Modification time never checked.
#  File has not been updated.

# Not a target:
makefile:
#  Implicit rule search has not been done.
#  Modification time never checked.
#  File has not been updated.

# Not a target:
build:
#  Implicit rule search has not been done.
#  Modification time never checked.
#  File has not been updated.

# Not a target:
.DEFAULT:
#  Implicit rule search has not been done.
#  Modification time never checked.
#  File has not been updated.

# Not a target:
clean:
#  Implicit rule search has not been done.
#  Modification time never checked.
#  File has not been updated.

# Not a target:
coverage:
#  Implicit rule search has not been done.
#  Modification time never checked.
#  File has not been updated.

fmt:
#  Implicit rule search has not been done.
#  Modification time never checked.
#  File has not been updated.
#  recipe to execute (from 'makefile', line 11):
	gofmt -l -w -s .

lint:
#  Implicit rule search has not been done.
#  Modification time never checked.
#  File has not been updated.
#  recipe to execute (from 'makefile', line 14):
	golangci-lint run

# files hash-table stats:
# Load=13/1024=1%, Rehash=0, Collisions=0/28=0%
# VPATH Search Paths

# No 'vpath' search paths.

# No general ('VPATH' variable) search path.

# strcache buffers: 1 (0) / strings = 39 / storage = 336 B / avg = 8 B
# current buf: size = 8162 B / used = 336 B / count = 39 / avg = 8 B

# strcache performance: lookups = 54 / hit rate = 27%
# hash-table stats:
# Load=39/8192=0%, Rehash=0, Collisions=1/54=2%
# Finished Make data base on Fri Aug 19 16:32:13 2022

 
